# JRE version: OpenJDK Runtime Environment (17.0.11) (build 17.0.11+0--11852314)
# Java VM: OpenJDK 64-Bit Server VM (17.0.11+0--11852314, mixed mode, tiered, compressed oops, compressed class ptrs, g1 gc, windows-amd64)
GC Precious Log:
 CPUs: 8 total, 8 available
 Memory: 7932M
 Large Page Support: Disabled
 NUMA Support: Disabled
 Compressed Oops: Enabled (32-bit)
 Heap Region Size: 1M
 Heap Min Capacity: 8M
 Heap Initial Capacity: 124M
 Heap Max Capacity: 2G
 Pre-touch: Disabled
 Parallel Workers: 8
 Concurrent Workers: 2
 Concurrent Refinement Workers: 8
 Periodic GC: Disabled
Heap:
 garbage-first heap   total 382976K, used 341286K [0x0000000080000000, 0x0000000100000000)
  region size 1024K, 2 young (2048K), 2 survivors (2048K)
 Metaspace       used 199590K, committed 200896K, reserved 1245184K
  class space    used 25680K, committed 26304K, reserved 1048576K
GC Heap History (20 events):
Event: 82.878 GC heap after
{Heap after GC invocations=81 (full 0):
 garbage-first heap   total 382976K, used 297611K [0x0000000080000000, 0x0000000100000000)
  region size 1024K, 6 young (6144K), 6 survivors (6144K)
 Metaspace       used 195298K, committed 196480K, reserved 1245184K
  class space    used 25241K, committed 25792K, reserved 1048576K
}
Event: 83.149 GC heap before
{Heap before GC invocations=81 (full 0):
 garbage-first heap   total 382976K, used 338571K [0x0000000080000000, 0x0000000100000000)
  region size 1024K, 37 young (37888K), 6 survivors (6144K)
 Metaspace       used 195392K, committed 196544K, reserved 1245184K
  class space    used 25241K, committed 25792K, reserved 1048576K
}
Event: 83.162 GC heap after
{Heap after GC invocations=82 (full 0):
 garbage-first heap   total 382976K, used 316718K [0x0000000080000000, 0x0000000100000000)
  region size 1024K, 5 young (5120K), 5 survivors (5120K)
 Metaspace       used 195392K, committed 196544K, reserved 1245184K
  class space    used 25241K, committed 25792K, reserved 1048576K
}
Event: 83.336 GC heap before
{Heap before GC invocations=82 (full 0):
 garbage-first heap   total 382976K, used 331054K [0x0000000080000000, 0x0000000100000000)
  region size 1024K, 19 young (19456K), 5 survivors (5120K)
 Metaspace       used 195833K, committed 197120K, reserved 1245184K
  class space    used 25286K, committed 25920K, reserved 1048576K
}
Event: 83.343 GC heap after
{Heap after GC invocations=83 (full 0):
 garbage-first heap   total 382976K, used 320149K [0x0000000080000000, 0x0000000100000000)
  region size 1024K, 2 young (2048K), 2 survivors (2048K)
 Metaspace       used 195833K, committed 197120K, reserved 1245184K
  class space    used 25286K, committed 25920K, reserved 1048576K
}
Event: 83.494 GC heap before
{Heap before GC invocations=83 (full 0):
 garbage-first heap   total 382976K, used 343701K [0x0000000080000000, 0x0000000100000000)
  region size 1024K, 18 young (18432K), 2 survivors (2048K)
 Metaspace       used 195904K, committed 197184K, reserved 1245184K
  class space    used 25288K, committed 25920K, reserved 1048576K
}
Event: 83.499 GC heap after
{Heap after GC invocations=84 (full 0):
 garbage-first heap   total 382976K, used 322097K [0x0000000080000000, 0x0000000100000000)
  region size 1024K, 3 young (3072K), 3 survivors (3072K)
 Metaspace       used 195904K, committed 197184K, reserved 1245184K
  class space    used 25288K, committed 25920K, reserved 1048576K
}
Event: 83.690 GC heap before
{Heap before GC invocations=84 (full 0):
 garbage-first heap   total 382976K, used 337457K [0x0000000080000000, 0x0000000100000000)
  region size 1024K, 18 young (18432K), 3 survivors (3072K)
 Metaspace       used 197534K, committed 198720K, reserved 1245184K
  class space    used 25510K, committed 26048K, reserved 1048576K
}
Event: 83.696 GC heap after
{Heap after GC invocations=85 (full 0):
 garbage-first heap   total 382976K, used 323875K [0x0000000080000000, 0x0000000100000000)
  region size 1024K, 2 young (2048K), 2 survivors (2048K)
 Metaspace       used 197534K, committed 198720K, reserved 1245184K
  class space    used 25510K, committed 26048K, reserved 1048576K
}
Event: 83.875 GC heap before
{Heap before GC invocations=85 (full 0):
 garbage-first heap   total 382976K, used 340259K [0x0000000080000000, 0x0000000100000000)
  region size 1024K, 18 young (18432K), 2 survivors (2048K)
 Metaspace       used 198056K, committed 199232K, reserved 1245184K
  class space    used 25559K, committed 26112K, reserved 1048576K
}
Event: 83.878 GC heap after
{Heap after GC invocations=86 (full 0):
 garbage-first heap   total 382976K, used 323851K [0x0000000080000000, 0x0000000100000000)
  region size 1024K, 2 young (2048K), 2 survivors (2048K)
 Metaspace       used 198056K, committed 199232K, reserved 1245184K
  class space    used 25559K, committed 26112K, reserved 1048576K
}
Event: 84.024 GC heap before
{Heap before GC invocations=86 (full 0):
 garbage-first heap   total 382976K, used 341259K [0x0000000080000000, 0x0000000100000000)
  region size 1024K, 12 young (12288K), 2 survivors (2048K)
 Metaspace       used 198200K, committed 199424K, reserved 1245184K
  class space    used 25573K, committed 26176K, reserved 1048576K
}
Event: 84.038 GC heap after
{Heap after GC invocations=87 (full 0):
 garbage-first heap   total 382976K, used 333550K [0x0000000080000000, 0x0000000100000000)
  region size 1024K, 3 young (3072K), 3 survivors (3072K)
 Metaspace       used 198200K, committed 199424K, reserved 1245184K
  class space    used 25573K, committed 26176K, reserved 1048576K
}
Event: 84.041 GC heap before
{Heap before GC invocations=87 (full 0):
 garbage-first heap   total 382976K, used 337646K [0x0000000080000000, 0x0000000100000000)
  region size 1024K, 4 young (4096K), 3 survivors (3072K)
 Metaspace       used 198201K, committed 199424K, reserved 1245184K
  class space    used 25573K, committed 26176K, reserved 1048576K
}
Event: 84.044 GC heap after
{Heap after GC invocations=88 (full 0):
 garbage-first heap   total 382976K, used 334157K [0x0000000080000000, 0x0000000100000000)
  region size 1024K, 1 young (1024K), 1 survivors (1024K)
 Metaspace       used 198201K, committed 199424K, reserved 1245184K
  class space    used 25573K, committed 26176K, reserved 1048576K
}
Event: 84.162 GC heap before
{Heap before GC invocations=88 (full 0):
 garbage-first heap   total 382976K, used 354637K [0x0000000080000000, 0x0000000100000000)
  region size 1024K, 18 young (18432K), 1 survivors (1024K)
 Metaspace       used 198479K, committed 199744K, reserved 1245184K
  class space    used 25595K, committed 26240K, reserved 1048576K
}
Event: 84.164 GC heap after
{Heap after GC invocations=89 (full 0):
 garbage-first heap   total 382976K, used 336606K [0x0000000080000000, 0x0000000100000000)
  region size 1024K, 3 young (3072K), 3 survivors (3072K)
 Metaspace       used 198479K, committed 199744K, reserved 1245184K
  class space    used 25595K, committed 26240K, reserved 1048576K
}
Event: 84.200 GC heap before
{Heap before GC invocations=89 (full 0):
 garbage-first heap   total 382976K, used 350942K [0x0000000080000000, 0x0000000100000000)
  region size 1024K, 18 young (18432K), 3 survivors (3072K)
 Metaspace       used 198553K, committed 199872K, reserved 1245184K
  class space    used 25603K, committed 26240K, reserved 1048576K
}
Event: 84.203 GC heap after
{Heap after GC invocations=90 (full 0):
 garbage-first heap   total 382976K, used 339321K [0x0000000080000000, 0x0000000100000000)
  region size 1024K, 3 young (3072K), 3 survivors (3072K)
 Metaspace       used 198553K, committed 199872K, reserved 1245184K
  class space    used 25603K, committed 26240K, reserved 1048576K
}
Event: 84.327 GC heap before
{Heap before GC invocations=90 (full 0):
 garbage-first heap   total 382976K, used 353657K [0x0000000080000000, 0x0000000100000000)
  region size 1024K, 18 young (18432K), 3 survivors (3072K)
 Metaspace       used 199590K, committed 200896K, reserved 1245184K
  class space    used 25680K, committed 26304K, reserved 1048576K
}

